<?xml version="1.0" encoding="UTF-8"?>
<!-- Generated by org.testng.reporters.JUnitXMLReporter -->
<testsuite ignored="1" hostname="Nandish1999" failures="0" tests="6" name="Test" time="3.629" errors="0" timestamp="2024-01-17T17:06:28 IST">
  <testcase classname="testng1.enab" name="compose" time="0.015"/>
  <testcase classname="testng1.enab" name="trash" time="0.002"/>
  <testcase classname="testng1.depends" name="compose" time="0.003"/>
  <testcase classname="testng1.depends" name="sentitems" time="0.003"/>
  <testcase classname="testng1.depends" name="trash" time="0.002"/>
  <testcase classname="testng1.facebook" name="npp" time="3.488"/>
  <testcase classname="testng1.enab" name="sentitems" time="0.0">
    <ignored/>
  </testcase> <!-- sentitems -->
</testsuite> <!-- Test -->
